<?xml version="1.0" encoding="UTF-8"?>
<!-- Generated by org.testng.reporters.JUnitReportReporter -->
<testsuite hostname="LAPTOP-6OACLVLF" failures="0" tests="1" name="com.AppTest.AppLogin" time="3.936" errors="0" timestamp="2020-12-07T17:49:00 IST" skipped="0">
  <testcase classname="com.AppTest.AppLogin" name="verifylogin" time="3.936"/>
  <system-out/>
</testsuite> <!-- com.AppTest.AppLogin -->
